\BOOKMARK [1][-]{section*.3}{\376\377\004\041\004\076\004\064\004\065\004\100\004\066\004\060\004\075\004\070\004\065}{}% 1
\BOOKMARK [1][-]{tips-sec-0-содержание.1}{\376\377\004\041\004\076\004\064\004\065\004\100\004\066\004\060\004\075\004\070\004\065}{}% 2
\BOOKMARK [1][-]{section*.5}{\376\377\004\037\004\100\004\065\004\064\004\070\004\101\004\073\004\076\004\062\004\070\004\065\000\040\004\072\004\076\000\040\004\062\004\102\004\076\004\100\004\076\004\074\004\103\000\040\004\070\004\067\004\064\004\060\004\075\004\070\004\116}{}% 3
\BOOKMARK [1][-]{tips-sec-1-предисловие-ко-второму-изданию.1}{\376\377\004\037\004\100\004\065\004\064\004\070\004\101\004\073\004\076\004\062\004\070\004\065\000\040\004\072\004\076\000\040\004\062\004\102\004\076\004\100\004\076\004\074\004\103\000\040\004\070\004\067\004\064\004\060\004\075\004\070\004\116}{}% 4
\BOOKMARK [1][-]{section*.7}{\376\377\004\037\004\100\004\065\004\064\004\070\004\101\004\073\004\076\004\062\004\070\004\065}{}% 5
\BOOKMARK [1][-]{tips-sec-2-предисловие.1}{\376\377\004\037\004\100\004\065\004\064\004\070\004\101\004\073\004\076\004\062\004\070\004\065}{}% 6
\BOOKMARK [1][-]{section*.9}{\376\377\004\022\004\062\004\065\004\064\004\065\004\075\004\070\004\065}{}% 7
\BOOKMARK [1][-]{tips-sec-3-введение.1}{\376\377\004\022\004\062\004\065\004\064\004\065\004\075\004\070\004\065}{}% 8
\BOOKMARK [1][-]{section*.11}{\376\377\004\021\004\073\004\060\004\063\004\076\004\064\004\060\004\100\004\075\004\076\004\101\004\102\004\070}{}% 9
\BOOKMARK [1][-]{tips-sec-4-благодарности.1}{\376\377\004\021\004\073\004\060\004\063\004\076\004\064\004\060\004\100\004\075\004\076\004\101\004\102\004\070}{}% 10
\BOOKMARK [1][-]{section*.13}{\376\377\004\036\000\040\004\077\004\100\004\076\004\070\004\101\004\105\004\076\004\066\004\064\004\065\004\075\004\070\004\070\000\040\000\253\004\044\004\065\004\071\004\075\004\074\004\060\004\075\004\076\004\062\004\101\004\072\004\070\004\105\000\040\004\073\004\065\004\072\004\106\004\070\004\071\000\040\004\077\004\076\000\040\004\104\004\070\004\067\004\070\004\072\004\065\000\273\000:\000\040\004\074\004\065\004\074\004\103\004\060\004\100\004\113\000\040\004\034\004\115\004\102\004\114\004\116\000\040\004\041\004\115\004\075\004\064\004\101\004\060}{}% 11
\BOOKMARK [1][-]{tips-sec-5-о-происхождении-фейнмановских-лекций-по-физике-мемуары-мэтью-сэндса.1}{\376\377\004\036\000\040\004\077\004\100\004\076\004\070\004\101\004\105\004\076\004\066\004\064\004\065\004\075\004\070\004\070\000\040\000\253\004\044\004\065\004\071\004\075\004\074\004\060\004\075\004\076\004\062\004\101\004\072\004\070\004\105\000\040\004\073\004\065\004\072\004\106\004\070\004\071\000\040\004\077\004\076\000\040\004\104\004\070\004\067\004\070\004\072\004\065\000\273\000:\000\040\004\074\004\065\004\074\004\103\004\060\004\100\004\113\000\040\004\034\004\115\004\102\004\114\004\116\000\040\004\041\004\115\004\075\004\064\004\101\004\060}{}% 12
\BOOKMARK [1][-]{section*.15}{\376\377\004\030\004\075\004\102\004\065\004\100\004\062\004\114\004\116\000\040\004\101\000\040\004\040\004\070\004\107\004\060\004\100\004\064\004\076\004\074\000\040\004\044\004\065\004\071\004\075\004\074\004\060\004\075\004\076\004\074}{}% 13
\BOOKMARK [1][-]{tips-sec-6-интервью-с-ричардом-фейнманом.1}{\376\377\004\030\004\075\004\102\004\065\004\100\004\062\004\114\004\116\000\040\004\101\000\040\004\040\004\070\004\107\004\060\004\100\004\064\004\076\004\074\000\040\004\044\004\065\004\071\004\075\004\074\004\060\004\075\004\076\004\074}{}% 14
\BOOKMARK [1][-]{section*.17}{\376\377\004\030\004\075\004\102\004\065\004\100\004\062\004\114\004\116\000\040\004\101\000\040\004\040\004\076\004\061\004\065\004\100\004\102\004\076\004\074\000\040\004\033\004\065\004\071\004\102\004\076\004\075\004\076\004\074}{}% 15
\BOOKMARK [1][-]{tips-sec-7-интервью-с-робертом-лейтоном.1}{\376\377\004\030\004\075\004\102\004\065\004\100\004\062\004\114\004\116\000\040\004\101\000\040\004\040\004\076\004\061\004\065\004\100\004\102\004\076\004\074\000\040\004\033\004\065\004\071\004\102\004\076\004\075\004\076\004\074}{}% 16
\BOOKMARK [1][-]{section*.19}{\376\377\004\030\004\075\004\102\004\065\004\100\004\062\004\114\004\116\000\040\004\101\000\040\004\040\004\076\004\105\004\103\004\101\004\076\004\074\000\040\004\044\004\076\004\063\004\102\004\076\004\074}{}% 17
\BOOKMARK [1][-]{tips-sec-8-интервью-с-рохусом-фогтом.1}{\376\377\004\030\004\075\004\102\004\065\004\100\004\062\004\114\004\116\000\040\004\101\000\040\004\040\004\076\004\105\004\103\004\101\004\076\004\074\000\040\004\044\004\076\004\063\004\102\004\076\004\074}{}% 18
\BOOKMARK [1][-]{section*.20}{\376\377\0001\000.\000\040\004\037\004\100\004\065\004\064\004\062\004\060\004\100\004\070\004\102\004\065\004\073\004\114\004\075\004\113\004\065\000\040\004\101\004\062\004\065\004\064\004\065\004\075\004\070\004\117\000\040\040\024\000\040\004\022\004\062\004\076\004\064\004\075\004\060\004\117\000\040\004\073\004\065\004\072\004\106\004\070\004\117\000\040\000A}{}% 19
\BOOKMARK [1][-]{section*.52}{\376\377\0002\000\040\004\027\004\060\004\072\004\076\004\075\004\113\000\040\004\070\000\040\004\070\004\075\004\102\004\103\004\070\004\106\004\070\004\117\000\040\040\024\000\040\004\076\004\061\004\067\004\076\004\100\004\075\004\060\004\117\000\040\004\073\004\065\004\072\004\106\004\070\004\117\000\040\000B}{}% 20
\BOOKMARK [1][-]{section*.94}{\376\377\0003\000\040\004\027\004\060\004\064\004\060\004\107\004\070\000\040\004\070\000\040\004\100\004\065\004\110\004\065\004\075\004\070\004\117\000\040\040\024\000\040\004\022\004\101\004\077\004\076\004\074\004\076\004\063\004\060\004\102\004\065\004\073\004\114\004\075\004\060\004\117\000\040\004\073\004\065\004\072\004\106\004\070\004\117\000\040\000C}{}% 21
\BOOKMARK [1][-]{section*.140}{\376\377\0004\000\040\004\024\004\070\004\075\004\060\004\074\004\070\004\107\004\065\004\101\004\072\004\070\004\065\000\040\004\115\004\104\004\104\004\065\004\072\004\102\004\113\000\040\004\070\000\040\004\070\004\105\000\040\004\077\004\100\004\070\004\074\004\065\004\075\004\065\004\075\004\070\004\117}{}% 22
\BOOKMARK [1][-]{section*.157}{\376\377\0005\000.\000\040\004\030\004\067\004\061\004\100\004\060\004\075\004\075\004\113\004\065\000\040\004\103\004\077\004\100\004\060\004\066\004\075\004\065\004\075\004\070\004\117}{}% 23
\BOOKMARK [1][-]{tips-sec-13-5-избранные-упражнения.1}{\376\377\0005\000.\000\040\004\030\004\067\004\061\004\100\004\060\004\075\004\075\004\113\004\065\000\040\004\103\004\077\004\100\004\060\004\066\004\075\004\065\004\075\004\070\004\117}{}% 24
\BOOKMARK [1][-]{section*.159}{\376\377\004\030\004\101\004\102\004\076\004\107\004\075\004\070\004\072\004\070\000\040\004\070\004\073\004\073\004\116\004\101\004\102\004\100\004\060\004\106\004\070\004\071}{}% 25
\BOOKMARK [1][-]{tips-sec-14-источники-иллюстраций.1}{\376\377\004\030\004\101\004\102\004\076\004\107\004\075\004\070\004\072\004\070\000\040\004\070\004\073\004\073\004\116\004\101\004\102\004\100\004\060\004\106\004\070\004\071}{}% 26
\BOOKMARK [1][-]{section*.161}{\376\377\004\037\004\100\004\065\004\064\004\074\004\065\004\102\004\075\004\113\004\071\000\040\004\103\004\072\004\060\004\067\004\060\004\102\004\065\004\073\004\114}{}% 27
\BOOKMARK [1][-]{tips-sec-15-предметный-указатель.1}{\376\377\004\037\004\100\004\065\004\064\004\074\004\065\004\102\004\075\004\113\004\071\000\040\004\103\004\072\004\060\004\067\004\060\004\102\004\065\004\073\004\114}{}% 28
\BOOKMARK [1][-]{section*.163}{\376\377\004\020\004\102\004\073\004\060\004\101\000\040\004\100\004\070\004\101\004\103\004\075\004\072\004\076\004\062}{}% 29
\BOOKMARK [1][-]{tips-figure-atlas-ru.1}{\376\377\004\020\004\102\004\073\004\060\004\101\000\040\004\100\004\070\004\101\004\103\004\075\004\072\004\076\004\062}{}% 30
