\BOOKMARK [1][-]{section*.3}{\376\377\000T\000a\000b\000l\000e\000\040\000o\000f\000\040\000C\000o\000n\000t\000e\000n\000t\000s}{}% 1
\BOOKMARK [1][-]{tips-sec-0-table-of-contents.1}{\376\377\000T\000a\000b\000l\000e\000\040\000o\000f\000\040\000C\000o\000n\000t\000e\000n\000t\000s}{}% 2
\BOOKMARK [1][-]{section*.5}{\376\377\000P\000r\000e\000f\000a\000c\000e\000\040\000t\000o\000\040\000t\000h\000e\000\040\000S\000e\000c\000o\000n\000d\000\040\000E\000d\000i\000t\000i\000o\000n}{}% 3
\BOOKMARK [1][-]{tips-sec-1-preface-to-the-second-edition.1}{\376\377\000P\000r\000e\000f\000a\000c\000e\000\040\000t\000o\000\040\000t\000h\000e\000\040\000S\000e\000c\000o\000n\000d\000\040\000E\000d\000i\000t\000i\000o\000n}{}% 4
\BOOKMARK [1][-]{section*.7}{\376\377\000F\000o\000r\000e\000w\000o\000r\000d}{}% 5
\BOOKMARK [1][-]{tips-sec-2-foreword.1}{\376\377\000F\000o\000r\000e\000w\000o\000r\000d}{}% 6
\BOOKMARK [1][-]{section*.9}{\376\377\000I\000n\000t\000r\000o\000d\000u\000c\000t\000i\000o\000n}{}% 7
\BOOKMARK [1][-]{tips-sec-3-introduction.1}{\376\377\000I\000n\000t\000r\000o\000d\000u\000c\000t\000i\000o\000n}{}% 8
\BOOKMARK [1][-]{section*.11}{\376\377\000A\000c\000k\000n\000o\000w\000l\000e\000d\000g\000m\000e\000n\000t\000s}{}% 9
\BOOKMARK [1][-]{tips-sec-4-acknowledgments.1}{\376\377\000A\000c\000k\000n\000o\000w\000l\000e\000d\000g\000m\000e\000n\000t\000s}{}% 10
\BOOKMARK [1][-]{section*.13}{\376\377\000O\000n\000\040\000t\000h\000e\000\040\000O\000r\000i\000g\000i\000n\000s\000\040\000o\000f\000\040\000t\000h\000e\000\040\000F\000e\000y\000n\000m\000a\000n\000\040\000L\000e\000c\000t\000u\000r\000e\000s\000\040\000o\000n\000\040\000P\000h\000y\000s\000i\000c\000s\000:\000\040\000A\000\040\000M\000e\000m\000o\000i\000r\000\040\000b\000y\000\040\000M\000a\000t\000t\000h\000e\000w\000\040\000S\000a\000n\000d\000s}{}% 11
\BOOKMARK [1][-]{tips-sec-5-on-the-origins-of-the-feynman-lectures-on-physics-a-memoir-by-matthew-sands.1}{\376\377\000O\000n\000\040\000t\000h\000e\000\040\000O\000r\000i\000g\000i\000n\000s\000\040\000o\000f\000\040\000t\000h\000e\000\040\000F\000e\000y\000n\000m\000a\000n\000\040\000L\000e\000c\000t\000u\000r\000e\000s\000\040\000o\000n\000\040\000P\000h\000y\000s\000i\000c\000s\000:\000\040\000A\000\040\000M\000e\000m\000o\000i\000r\000\040\000b\000y\000\040\000M\000a\000t\000t\000h\000e\000w\000\040\000S\000a\000n\000d\000s}{}% 12
\BOOKMARK [1][-]{section*.15}{\376\377\000I\000n\000t\000e\000r\000v\000i\000e\000w\000\040\000w\000i\000t\000h\000\040\000R\000i\000c\000h\000a\000r\000d\000\040\000F\000e\000y\000n\000m\000a\000n}{}% 13
\BOOKMARK [1][-]{tips-sec-6-interview-with-richard-feynman.1}{\376\377\000I\000n\000t\000e\000r\000v\000i\000e\000w\000\040\000w\000i\000t\000h\000\040\000R\000i\000c\000h\000a\000r\000d\000\040\000F\000e\000y\000n\000m\000a\000n}{}% 14
\BOOKMARK [1][-]{section*.17}{\376\377\000I\000n\000t\000e\000r\000v\000i\000e\000w\000\040\000w\000i\000t\000h\000\040\000R\000o\000b\000e\000r\000t\000\040\000L\000e\000i\000g\000h\000t\000o\000n}{}% 15
\BOOKMARK [1][-]{tips-sec-7-interview-with-robert-leighton.1}{\376\377\000I\000n\000t\000e\000r\000v\000i\000e\000w\000\040\000w\000i\000t\000h\000\040\000R\000o\000b\000e\000r\000t\000\040\000L\000e\000i\000g\000h\000t\000o\000n}{}% 16
\BOOKMARK [1][-]{section*.19}{\376\377\000I\000n\000t\000e\000r\000v\000i\000e\000w\000\040\000w\000i\000t\000h\000\040\000R\000o\000c\000h\000u\000s\000\040\000V\000o\000g\000t}{}% 17
\BOOKMARK [1][-]{tips-sec-8-interview-with-rochus-vogt.1}{\376\377\000I\000n\000t\000e\000r\000v\000i\000e\000w\000\040\000w\000i\000t\000h\000\040\000R\000o\000c\000h\000u\000s\000\040\000V\000o\000g\000t}{}% 18
\BOOKMARK [1][-]{section*.20}{\376\377\0001\000\040\000P\000r\000e\000r\000e\000q\000u\000i\000s\000i\000t\000e\000s\040\024\000R\000e\000v\000i\000e\000w\000\040\000L\000e\000c\000t\000u\000r\000e\000\040\000A}{}% 19
\BOOKMARK [1][-]{section*.52}{\376\377\0002\000\040\000L\000a\000w\000s\000\040\000a\000n\000d\000\040\000I\000n\000t\000u\000i\000t\000i\000o\000n\040\024\000R\000e\000v\000i\000e\000w\000\040\000L\000e\000c\000t\000u\000r\000e\000\040\000B}{}% 20
\BOOKMARK [1][-]{section*.94}{\376\377\0003\000\040\000P\000r\000o\000b\000l\000e\000m\000s\000\040\000a\000n\000d\000\040\000S\000o\000l\000u\000t\000i\000o\000n\000s\040\024\000R\000e\000v\000i\000e\000w\000\040\000L\000e\000c\000t\000u\000r\000e\000\040\000C}{}% 21
\BOOKMARK [1][-]{section*.140}{\376\377\0004\000\040\000D\000y\000n\000a\000m\000i\000c\000a\000l\000\040\000E\000f\000f\000e\000c\000t\000s\000\040\000a\000n\000d\000\040\000T\000h\000e\000i\000r\000\040\000A\000p\000p\000l\000i\000c\000a\000t\000i\000o\000n\000s}{}% 22
\BOOKMARK [1][-]{section*.157}{\376\377\0005\000.\000\040\000S\000e\000l\000e\000c\000t\000e\000d\000\040\000E\000x\000e\000r\000c\000i\000s\000e\000s}{}% 23
\BOOKMARK [1][-]{tips-sec-13-5-selected-exercises.1}{\376\377\0005\000.\000\040\000S\000e\000l\000e\000c\000t\000e\000d\000\040\000E\000x\000e\000r\000c\000i\000s\000e\000s}{}% 24
\BOOKMARK [1][-]{section*.159}{\376\377\000P\000h\000o\000t\000o\000\040\000C\000r\000e\000d\000i\000t\000s}{}% 25
\BOOKMARK [1][-]{tips-sec-14-photo-credits.1}{\376\377\000P\000h\000o\000t\000o\000\040\000C\000r\000e\000d\000i\000t\000s}{}% 26
\BOOKMARK [1][-]{section*.161}{\376\377\000I\000n\000d\000e\000x}{}% 27
\BOOKMARK [1][-]{tips-sec-15-index.1}{\376\377\000I\000n\000d\000e\000x}{}% 28
\BOOKMARK [1][-]{section*.163}{\376\377\000F\000i\000g\000u\000r\000e\000\040\000A\000t\000l\000a\000s}{}% 29
\BOOKMARK [1][-]{tips-figure-atlas-en.1}{\376\377\000F\000i\000g\000u\000r\000e\000\040\000A\000t\000l\000a\000s}{}% 30
